
=== Duplicate Property Definition ===
Error in scope 'Component Scope: Component46' on symbol 'selector' at line 47: Duplicate property 'selector' in scope 'Component Scope: Component46'
Error in scope 'Component Scope: Component46' on symbol 'standalone' at line 48: Duplicate property 'standalone' in scope 'Component Scope: Component46'
Error in scope 'Component Scope: Component46' on symbol 'imports' at line 49: Duplicate property 'imports' in scope 'Component Scope: Component46'
Error in scope 'Component Scope: Component46' on symbol 'template' at line 50: Duplicate property 'template' in scope 'Component Scope: Component46'
Error in scope 'Component Scope: Component46' on symbol 'selector' at line 47: Duplicate property 'selector' in scope 'Component Scope: Component46'
Error in scope 'Component Scope: Component46' on symbol 'selector' at line 47: Duplicate property 'selector' in scope 'Component Scope: Component46'
Error in scope 'Component Scope: Component46' on symbol 'standalone' at line 48: Duplicate property 'standalone' in scope 'Component Scope: Component46'
Error in scope 'Component Scope: Component46' on symbol 'standalone' at line 48: Duplicate property 'standalone' in scope 'Component Scope: Component46'
Error in scope 'Component Scope: Component46' on symbol 'imports' at line 49: Duplicate property 'imports' in scope 'Component Scope: Component46'
Error in scope 'Component Scope: Component46' on symbol 'imports' at line 49: Duplicate property 'imports' in scope 'Component Scope: Component46'
Error in scope 'Component Scope: Component46' on symbol 'template' at line 50: Duplicate property 'template' in scope 'Component Scope: Component46'
Error in scope 'Component Scope: Component46' on symbol 'template' at line 50: Duplicate property 'template' in scope 'Component Scope: Component46'
Error in scope 'Component Scope: Component46' on symbol 'selector' at line 111: Duplicate property 'selector' in scope 'Component Scope: Component46'
Error in scope 'Component Scope: Component46' on symbol 'standalone' at line 112: Duplicate property 'standalone' in scope 'Component Scope: Component46'
Error in scope 'Component Scope: Component46' on symbol 'imports' at line 113: Duplicate property 'imports' in scope 'Component Scope: Component46'
Error in scope 'Component Scope: Component46' on symbol 'template' at line 114: Duplicate property 'template' in scope 'Component Scope: Component46'
Error in scope 'Component Scope: Component46' on symbol 'selector' at line 47: Duplicate property 'selector' in scope 'Component Scope: Component46'
Error in scope 'Component Scope: Component46' on symbol 'selector' at line 47: Duplicate property 'selector' in scope 'Component Scope: Component46'
Error in scope 'Component Scope: Component46' on symbol 'selector' at line 47: Duplicate property 'selector' in scope 'Component Scope: Component46'
Error in scope 'Component Scope: Component46' on symbol 'standalone' at line 48: Duplicate property 'standalone' in scope 'Component Scope: Component46'
Error in scope 'Component Scope: Component46' on symbol 'standalone' at line 48: Duplicate property 'standalone' in scope 'Component Scope: Component46'
Error in scope 'Component Scope: Component46' on symbol 'standalone' at line 48: Duplicate property 'standalone' in scope 'Component Scope: Component46'
Error in scope 'Component Scope: Component46' on symbol 'imports' at line 49: Duplicate property 'imports' in scope 'Component Scope: Component46'
Error in scope 'Component Scope: Component46' on symbol 'imports' at line 49: Duplicate property 'imports' in scope 'Component Scope: Component46'
Error in scope 'Component Scope: Component46' on symbol 'imports' at line 49: Duplicate property 'imports' in scope 'Component Scope: Component46'
Error in scope 'Component Scope: Component46' on symbol 'template' at line 50: Duplicate property 'template' in scope 'Component Scope: Component46'
Error in scope 'Component Scope: Component46' on symbol 'template' at line 50: Duplicate property 'template' in scope 'Component Scope: Component46'
Error in scope 'Component Scope: Component46' on symbol 'template' at line 50: Duplicate property 'template' in scope 'Component Scope: Component46'
Error in scope 'Component Scope: Component46' on symbol 'selector' at line 111: Duplicate property 'selector' in scope 'Component Scope: Component46'
Error in scope 'Component Scope: Component46' on symbol 'selector' at line 111: Duplicate property 'selector' in scope 'Component Scope: Component46'
Error in scope 'Component Scope: Component46' on symbol 'standalone' at line 112: Duplicate property 'standalone' in scope 'Component Scope: Component46'
Error in scope 'Component Scope: Component46' on symbol 'standalone' at line 112: Duplicate property 'standalone' in scope 'Component Scope: Component46'
Error in scope 'Component Scope: Component46' on symbol 'imports' at line 113: Duplicate property 'imports' in scope 'Component Scope: Component46'
Error in scope 'Component Scope: Component46' on symbol 'imports' at line 113: Duplicate property 'imports' in scope 'Component Scope: Component46'
Error in scope 'Component Scope: Component46' on symbol 'template' at line 114: Duplicate property 'template' in scope 'Component Scope: Component46'
Error in scope 'Component Scope: Component46' on symbol 'template' at line 114: Duplicate property 'template' in scope 'Component Scope: Component46'
Error in scope 'Component Scope: Component46' on symbol 'selector' at line 143: Duplicate property 'selector' in scope 'Component Scope: Component46'
Error in scope 'Component Scope: Component46' on symbol 'standalone' at line 144: Duplicate property 'standalone' in scope 'Component Scope: Component46'
Error in scope 'Component Scope: Component46' on symbol 'imports' at line 145: Duplicate property 'imports' in scope 'Component Scope: Component46'
Error in scope 'Component Scope: Component46' on symbol 'template' at line 146: Duplicate property 'template' in scope 'Component Scope: Component46'
Error in scope 'Component Scope: Component46' on symbol 'selector' at line 47: Duplicate property 'selector' in scope 'Component Scope: Component46'
Error in scope 'Component Scope: Component46' on symbol 'selector' at line 47: Duplicate property 'selector' in scope 'Component Scope: Component46'
Error in scope 'Component Scope: Component46' on symbol 'selector' at line 47: Duplicate property 'selector' in scope 'Component Scope: Component46'
Error in scope 'Component Scope: Component46' on symbol 'standalone' at line 48: Duplicate property 'standalone' in scope 'Component Scope: Component46'
Error in scope 'Component Scope: Component46' on symbol 'standalone' at line 48: Duplicate property 'standalone' in scope 'Component Scope: Component46'
Error in scope 'Component Scope: Component46' on symbol 'standalone' at line 48: Duplicate property 'standalone' in scope 'Component Scope: Component46'
Error in scope 'Component Scope: Component46' on symbol 'imports' at line 49: Duplicate property 'imports' in scope 'Component Scope: Component46'
Error in scope 'Component Scope: Component46' on symbol 'imports' at line 49: Duplicate property 'imports' in scope 'Component Scope: Component46'
Error in scope 'Component Scope: Component46' on symbol 'imports' at line 49: Duplicate property 'imports' in scope 'Component Scope: Component46'
Error in scope 'Component Scope: Component46' on symbol 'template' at line 50: Duplicate property 'template' in scope 'Component Scope: Component46'
Error in scope 'Component Scope: Component46' on symbol 'template' at line 50: Duplicate property 'template' in scope 'Component Scope: Component46'
Error in scope 'Component Scope: Component46' on symbol 'template' at line 50: Duplicate property 'template' in scope 'Component Scope: Component46'
Error in scope 'Component Scope: Component46' on symbol 'selector' at line 111: Duplicate property 'selector' in scope 'Component Scope: Component46'
Error in scope 'Component Scope: Component46' on symbol 'selector' at line 111: Duplicate property 'selector' in scope 'Component Scope: Component46'
Error in scope 'Component Scope: Component46' on symbol 'standalone' at line 112: Duplicate property 'standalone' in scope 'Component Scope: Component46'
Error in scope 'Component Scope: Component46' on symbol 'standalone' at line 112: Duplicate property 'standalone' in scope 'Component Scope: Component46'
Error in scope 'Component Scope: Component46' on symbol 'imports' at line 113: Duplicate property 'imports' in scope 'Component Scope: Component46'
Error in scope 'Component Scope: Component46' on symbol 'imports' at line 113: Duplicate property 'imports' in scope 'Component Scope: Component46'
Error in scope 'Component Scope: Component46' on symbol 'template' at line 114: Duplicate property 'template' in scope 'Component Scope: Component46'
Error in scope 'Component Scope: Component46' on symbol 'template' at line 114: Duplicate property 'template' in scope 'Component Scope: Component46'
Error in scope 'Component Scope: Component46' on symbol 'selector' at line 143: Duplicate property 'selector' in scope 'Component Scope: Component46'
Error in scope 'Component Scope: Component46' on symbol 'standalone' at line 144: Duplicate property 'standalone' in scope 'Component Scope: Component46'
Error in scope 'Component Scope: Component46' on symbol 'imports' at line 145: Duplicate property 'imports' in scope 'Component Scope: Component46'
Error in scope 'Component Scope: Component46' on symbol 'template' at line 146: Duplicate property 'template' in scope 'Component Scope: Component46'

=== Mismatch Type of Property ===
Error in scope 'Component Scope: Component46' on symbol 'template' at line 187: Mismatch type for 'template' in scope 'Component Scope: Component46': expected 'String' but got 'template:'<router-outlet> </router-outlet>''
Error in scope 'Component Scope: Component46' on symbol 'template' at line 187: Mismatch type for 'template' in scope 'Component Scope: Component46': expected 'String' but got 'template:'<router-outlet> </router-outlet>''

===  Invalid Directive Expression Errors ===

=== Invalid Event Call Errors ===

=== Mismatched Tag Errors ===

=== Invalid Route Navigation Errors ===
Error in scope ''id'' on symbol 'navigate' at line 167: Invalid route navigation: ''id''
