
=== Duplicate Property Definition ===
Error in scope 'Component Scope: Component47' on symbol 'selector' at line 48: Duplicate property 'selector' in scope 'Component Scope: Component47'
Error in scope 'Component Scope: Component47' on symbol 'standalone' at line 49: Duplicate property 'standalone' in scope 'Component Scope: Component47'
Error in scope 'Component Scope: Component47' on symbol 'imports' at line 50: Duplicate property 'imports' in scope 'Component Scope: Component47'
Error in scope 'Component Scope: Component47' on symbol 'template' at line 51: Duplicate property 'template' in scope 'Component Scope: Component47'
Error in scope 'Component Scope: Component47' on symbol 'selector' at line 48: Duplicate property 'selector' in scope 'Component Scope: Component47'
Error in scope 'Component Scope: Component47' on symbol 'selector' at line 48: Duplicate property 'selector' in scope 'Component Scope: Component47'
Error in scope 'Component Scope: Component47' on symbol 'standalone' at line 49: Duplicate property 'standalone' in scope 'Component Scope: Component47'
Error in scope 'Component Scope: Component47' on symbol 'standalone' at line 49: Duplicate property 'standalone' in scope 'Component Scope: Component47'
Error in scope 'Component Scope: Component47' on symbol 'imports' at line 50: Duplicate property 'imports' in scope 'Component Scope: Component47'
Error in scope 'Component Scope: Component47' on symbol 'imports' at line 50: Duplicate property 'imports' in scope 'Component Scope: Component47'
Error in scope 'Component Scope: Component47' on symbol 'template' at line 51: Duplicate property 'template' in scope 'Component Scope: Component47'
Error in scope 'Component Scope: Component47' on symbol 'template' at line 51: Duplicate property 'template' in scope 'Component Scope: Component47'
Error in scope 'Component Scope: Component47' on symbol 'selector' at line 112: Duplicate property 'selector' in scope 'Component Scope: Component47'
Error in scope 'Component Scope: Component47' on symbol 'standalone' at line 113: Duplicate property 'standalone' in scope 'Component Scope: Component47'
Error in scope 'Component Scope: Component47' on symbol 'imports' at line 114: Duplicate property 'imports' in scope 'Component Scope: Component47'
Error in scope 'Component Scope: Component47' on symbol 'template' at line 115: Duplicate property 'template' in scope 'Component Scope: Component47'
Error in scope 'Component Scope: Component47' on symbol 'selector' at line 48: Duplicate property 'selector' in scope 'Component Scope: Component47'
Error in scope 'Component Scope: Component47' on symbol 'selector' at line 48: Duplicate property 'selector' in scope 'Component Scope: Component47'
Error in scope 'Component Scope: Component47' on symbol 'selector' at line 48: Duplicate property 'selector' in scope 'Component Scope: Component47'
Error in scope 'Component Scope: Component47' on symbol 'standalone' at line 49: Duplicate property 'standalone' in scope 'Component Scope: Component47'
Error in scope 'Component Scope: Component47' on symbol 'standalone' at line 49: Duplicate property 'standalone' in scope 'Component Scope: Component47'
Error in scope 'Component Scope: Component47' on symbol 'standalone' at line 49: Duplicate property 'standalone' in scope 'Component Scope: Component47'
Error in scope 'Component Scope: Component47' on symbol 'imports' at line 50: Duplicate property 'imports' in scope 'Component Scope: Component47'
Error in scope 'Component Scope: Component47' on symbol 'imports' at line 50: Duplicate property 'imports' in scope 'Component Scope: Component47'
Error in scope 'Component Scope: Component47' on symbol 'imports' at line 50: Duplicate property 'imports' in scope 'Component Scope: Component47'
Error in scope 'Component Scope: Component47' on symbol 'template' at line 51: Duplicate property 'template' in scope 'Component Scope: Component47'
Error in scope 'Component Scope: Component47' on symbol 'template' at line 51: Duplicate property 'template' in scope 'Component Scope: Component47'
Error in scope 'Component Scope: Component47' on symbol 'template' at line 51: Duplicate property 'template' in scope 'Component Scope: Component47'
Error in scope 'Component Scope: Component47' on symbol 'selector' at line 112: Duplicate property 'selector' in scope 'Component Scope: Component47'
Error in scope 'Component Scope: Component47' on symbol 'selector' at line 112: Duplicate property 'selector' in scope 'Component Scope: Component47'
Error in scope 'Component Scope: Component47' on symbol 'standalone' at line 113: Duplicate property 'standalone' in scope 'Component Scope: Component47'
Error in scope 'Component Scope: Component47' on symbol 'standalone' at line 113: Duplicate property 'standalone' in scope 'Component Scope: Component47'
Error in scope 'Component Scope: Component47' on symbol 'imports' at line 114: Duplicate property 'imports' in scope 'Component Scope: Component47'
Error in scope 'Component Scope: Component47' on symbol 'imports' at line 114: Duplicate property 'imports' in scope 'Component Scope: Component47'
Error in scope 'Component Scope: Component47' on symbol 'template' at line 115: Duplicate property 'template' in scope 'Component Scope: Component47'
Error in scope 'Component Scope: Component47' on symbol 'template' at line 115: Duplicate property 'template' in scope 'Component Scope: Component47'
Error in scope 'Component Scope: Component47' on symbol 'selector' at line 144: Duplicate property 'selector' in scope 'Component Scope: Component47'
Error in scope 'Component Scope: Component47' on symbol 'standalone' at line 145: Duplicate property 'standalone' in scope 'Component Scope: Component47'
Error in scope 'Component Scope: Component47' on symbol 'imports' at line 146: Duplicate property 'imports' in scope 'Component Scope: Component47'
Error in scope 'Component Scope: Component47' on symbol 'template' at line 147: Duplicate property 'template' in scope 'Component Scope: Component47'
Error in scope 'Component Scope: Component47' on symbol 'selector' at line 48: Duplicate property 'selector' in scope 'Component Scope: Component47'
Error in scope 'Component Scope: Component47' on symbol 'selector' at line 48: Duplicate property 'selector' in scope 'Component Scope: Component47'
Error in scope 'Component Scope: Component47' on symbol 'selector' at line 48: Duplicate property 'selector' in scope 'Component Scope: Component47'
Error in scope 'Component Scope: Component47' on symbol 'standalone' at line 49: Duplicate property 'standalone' in scope 'Component Scope: Component47'
Error in scope 'Component Scope: Component47' on symbol 'standalone' at line 49: Duplicate property 'standalone' in scope 'Component Scope: Component47'
Error in scope 'Component Scope: Component47' on symbol 'standalone' at line 49: Duplicate property 'standalone' in scope 'Component Scope: Component47'
Error in scope 'Component Scope: Component47' on symbol 'imports' at line 50: Duplicate property 'imports' in scope 'Component Scope: Component47'
Error in scope 'Component Scope: Component47' on symbol 'imports' at line 50: Duplicate property 'imports' in scope 'Component Scope: Component47'
Error in scope 'Component Scope: Component47' on symbol 'imports' at line 50: Duplicate property 'imports' in scope 'Component Scope: Component47'
Error in scope 'Component Scope: Component47' on symbol 'template' at line 51: Duplicate property 'template' in scope 'Component Scope: Component47'
Error in scope 'Component Scope: Component47' on symbol 'template' at line 51: Duplicate property 'template' in scope 'Component Scope: Component47'
Error in scope 'Component Scope: Component47' on symbol 'template' at line 51: Duplicate property 'template' in scope 'Component Scope: Component47'
Error in scope 'Component Scope: Component47' on symbol 'selector' at line 112: Duplicate property 'selector' in scope 'Component Scope: Component47'
Error in scope 'Component Scope: Component47' on symbol 'selector' at line 112: Duplicate property 'selector' in scope 'Component Scope: Component47'
Error in scope 'Component Scope: Component47' on symbol 'standalone' at line 113: Duplicate property 'standalone' in scope 'Component Scope: Component47'
Error in scope 'Component Scope: Component47' on symbol 'standalone' at line 113: Duplicate property 'standalone' in scope 'Component Scope: Component47'
Error in scope 'Component Scope: Component47' on symbol 'imports' at line 114: Duplicate property 'imports' in scope 'Component Scope: Component47'
Error in scope 'Component Scope: Component47' on symbol 'imports' at line 114: Duplicate property 'imports' in scope 'Component Scope: Component47'
Error in scope 'Component Scope: Component47' on symbol 'template' at line 115: Duplicate property 'template' in scope 'Component Scope: Component47'
Error in scope 'Component Scope: Component47' on symbol 'template' at line 115: Duplicate property 'template' in scope 'Component Scope: Component47'
Error in scope 'Component Scope: Component47' on symbol 'selector' at line 144: Duplicate property 'selector' in scope 'Component Scope: Component47'
Error in scope 'Component Scope: Component47' on symbol 'standalone' at line 145: Duplicate property 'standalone' in scope 'Component Scope: Component47'
Error in scope 'Component Scope: Component47' on symbol 'imports' at line 146: Duplicate property 'imports' in scope 'Component Scope: Component47'
Error in scope 'Component Scope: Component47' on symbol 'template' at line 147: Duplicate property 'template' in scope 'Component Scope: Component47'

=== Mismatch Type of Property ===
Error in scope 'Component Scope: Component47' on symbol 'template' at line 188: Mismatch type for 'template' in scope 'Component Scope: Component47': expected 'String' but got 'template:'<router-outlet> </router-outlet>''
Error in scope 'Component Scope: Component47' on symbol 'template' at line 188: Mismatch type for 'template' in scope 'Component Scope: Component47': expected 'String' but got 'template:'<router-outlet> </router-outlet>''

===  Invalid Directive Expression Errors ===

=== Invalid Event Call Errors ===

=== Mismatched Tag Errors ===

=== Invalid Route Navigation Errors ===
Error in scope ''id'' on symbol 'navigate' at line 168: Invalid route navigation: ''id''
